[34mDEBUG[39m: Using RE2 regex engine
[34mDEBUG[39m: Parsing configs
[34mDEBUG[39m: No config file found on disk - skipping
[34mDEBUG[39m: No additional config file found specified - skipping
[34mDEBUG[39m: File config
       "config": {}
[34mDEBUG[39m: Additional file config
       "config": {}
[34mDEBUG[39m: CLI config
       "config": {"repositories": ["twz123/k0s-testo"]}
[34mDEBUG[39m: Env config
       "config": {"hostRules": [], "token": "***********"}
[34mDEBUG[39m: Resolved global extends
       "config": undefined
[34mDEBUG[39m: Combined config
       "config": {"hostRules": [], "token": "***********", "repositories": ["twz123/k0s-testo"]}
[34mDEBUG[39m: Enabling forkProcessing while in non-autodiscover mode
[34mDEBUG[39m: Enabling onboardingNoDeps while in non-autodiscover mode
[34mDEBUG[39m: Found valid git version: 2.51.2
[34mDEBUG[39m: Setting global hostRules
[34mDEBUG[39m: Using default github endpoint: https://api.github.com/
[34mDEBUG[39m: hostRules: authentication already set for api.github.com
[34mDEBUG[39m: Using queue: host=api.github.com, concurrency=16
[34mDEBUG[39m: GET https://api.github.com/user/emails = (code=ERR_NON_2XX_3XX_RESPONSE, statusCode=403 retryCount=0, duration=185)
[34mDEBUG[39m: Cannot read user/emails endpoint on GitHub to retrieve gitAuthor
[34mDEBUG[39m: Platform config
       "platformConfig": {
         "hostType": "github",
         "endpoint": "https://api.github.com/",
         "isGHApp": false,
         "isGhe": false,
         "userDetails": {"username": "twz123", "name": "Tom Wieczorek", "id": 1215104},
         "userEmail": null
       },
       "renovateUsername": "twz123"
[34mDEBUG[39m: Adding token authentication for api.github.com (hostType=github) to hostRules
[34mDEBUG[39m: Using baseDir: /tmp/renovate
[34mDEBUG[39m: Using cacheDir: /tmp/renovate/cache
[34mDEBUG[39m: Using containerbaseDir: /tmp/renovate/cache/containerbase
[34mDEBUG[39m: Initializing Renovate internal cache into /tmp/renovate/cache/renovate/renovate-cache-v1
[34mDEBUG[39m: Commits limit = null
[34mDEBUG[39m: Setting global hostRules
[34mDEBUG[39m: Adding token authentication for api.github.com (hostType=github) to hostRules
[34mDEBUG[39m: validatePresets()
[34mDEBUG[39m: Reinitializing hostRules for repo
[34mDEBUG[39m: Clearing hostRules
[34mDEBUG[39m: Adding token authentication for api.github.com (hostType=github) to hostRules
[32m INFO[39m: Repository started[90m (repository=twz123/k0s-testo)[39m
       "renovateVersion": "41.167.2"
[34mDEBUG[39m: Using localDir: /tmp/renovate/repos/github/twz123/k0s-testo[90m (repository=twz123/k0s-testo)[39m
[34mDEBUG[39m: PackageFiles.clear() - Package files deleted[90m (repository=twz123/k0s-testo)[39m
[34mDEBUG[39m: initRepo("twz123/k0s-testo")[90m (repository=twz123/k0s-testo)[39m
[34mDEBUG[39m: hostRules: authentication already set for api.github.com[90m (repository=twz123/k0s-testo)[39m
[34mDEBUG[39m: Using queue: host=api.github.com, concurrency=16[90m (repository=twz123/k0s-testo)[39m
[34mDEBUG[39m: twz123/k0s-testo default branch = main[90m (repository=twz123/k0s-testo)[39m
[34mDEBUG[39m: Issues cache: Adding 5 issues to reconcile queue[90m (repository=twz123/k0s-testo)[39m
[34mDEBUG[39m: Using personal access token for git init[90m (repository=twz123/k0s-testo)[39m
[34mDEBUG[39m: fetchBranchCommits(): url=https://**redacted**@github.com/twz123/k0s-testo.git[90m (repository=twz123/k0s-testo)[39m
[34mDEBUG[39m: Resetting npmrc[90m (repository=twz123/k0s-testo)[39m
[34mDEBUG[39m: Resetting npmrc[90m (repository=twz123/k0s-testo)[39m
[34mDEBUG[39m: checkOnboarding()[90m (repository=twz123/k0s-testo)[39m
[34mDEBUG[39m: isOnboarded()[90m (repository=twz123/k0s-testo)[39m
[34mDEBUG[39m: findPr(renovate/configure, Configure Renovate, !open)[90m (repository=twz123/k0s-testo)[39m
[34mDEBUG[39m: PR cache: cached data not found, creating new cache[90m (repository=twz123/k0s-testo)[39m
[34mDEBUG[39m: PR cache: initial fetch[90m (repository=twz123/k0s-testo)[39m
[34mDEBUG[39m: http cache: saving https://api.github.com/repos/twz123/k0s-testo/pulls?per_page=100&state=all&sort=updated&direction=desc&page=1 (etag=W/"d1fc370df3a8ccc83a42bce6b252117c4fe5022f97e5fca76f7651c85c8f6682", lastModified=undefined)[90m (repository=twz123/k0s-testo)[39m
[34mDEBUG[39m: PR cache: Filtered 225 PRs to 109 (user=twz123)[90m (repository=twz123/k0s-testo)[39m
[34mDEBUG[39m: PR cache: getPrList success[90m (repository=twz123/k0s-testo)[39m
       "pullsTotal": 109,
       "requestsTotal": 1,
       "apiQuotaAffected": true
[34mDEBUG[39m: findPr(renovate/configure, chore: Configure Renovate, !open)[90m (repository=twz123/k0s-testo)[39m
[34mDEBUG[39m: findFile(renovate.json)[90m (repository=twz123/k0s-testo)[39m
[34mDEBUG[39m: syncGit(): Initializing git repository into /tmp/renovate/repos/github/twz123/k0s-testo[90m (repository=twz123/k0s-testo)[39m
[34mDEBUG[39m: Performing blobless clone[90m (repository=twz123/k0s-testo)[39m
[34mDEBUG[39m: git clone completed[90m (repository=twz123/k0s-testo)[39m
       "durationMs": 1873
[34mDEBUG[39m: latest repository commit[90m (repository=twz123/k0s-testo)[39m
       "latestCommit": {
         "hash": "a2e7d3a5c961ae6af7f481aaead394594840ab58",
         "date": "2025-11-11T14:47:13+01:00",
         "message": "Change Renovate commit message action to \"Bump\"",
         "refs": "HEAD -> main, origin/main, origin/HEAD",
         "body": "That's how Dependabot does it. It's shorter, too.\n\nSigned-off-by: Tom Wieczorek <twieczorek@mirantis.com>\n",
         "author_name": "Tom Wieczorek",
         "author_email": "twieczorek@mirantis.com"
       }
[34mDEBUG[39m: Current branch SHA: a2e7d3a5c961ae6af7f481aaead394594840ab58[90m (repository=twz123/k0s-testo)[39m
[34mDEBUG[39m: Config file exists, fileName: renovate.json[90m (repository=twz123/k0s-testo)[39m
[34mDEBUG[39m: Retrieving issueList[90m (repository=twz123/k0s-testo)[39m
[34mDEBUG[39m: Retrieved 10 issues[90m (repository=twz123/k0s-testo)[39m
[34mDEBUG[39m: Issues cache: Setting 10 issues in cache[90m (repository=twz123/k0s-testo)[39m
[34mDEBUG[39m: Repo is onboarded[90m (repository=twz123/k0s-testo)[39m
[34mDEBUG[39m: Found renovate.json config file[90m (repository=twz123/k0s-testo)[39m
[34mDEBUG[39m: Repository config[90m (repository=twz123/k0s-testo)[39m
       "fileName": "renovate.json",
       "config": {
         "$schema": "https://docs.renovatebot.com/renovate-schema.json",
         "extends": [
           "config:recommended",
           ":configMigration",
           ":gitSignOff",
           ":automergeMinor",
           ":semanticCommitsDisabled"
         ],
         "gitAuthor": "Renovate Bot <renovate@whitesourcesoftware.com>",
         "labels": ["dependencies"],
         "baseBranchPatterns": ["main", "/^release-1\\.3[1-4]$/"],
         "prTitleStrict": true,
         "commitMessageAction": "Bump",
         "enabledManagers": ["gomod", "custom.regex"],
         "postUpdateOptions": ["gomodTidy"],
         "packageRules": [
           {
             "description": "Ignore all Go dependencies by default",
             "enabled": false,
             "matchManagers": ["gomod"]
           },
           {
             "description": "Kubernetes",
             "enabled": true,
             "matchPackageNames": ["k8s.io/kubernetes"]
           },
           {
             "description": "Kubernetes Go libraries",
             "enabled": true,
             "matchPackageNames": [
               "k8s.io/api",
               "k8s.io/apiextensions-apiserver",
               "k8s.io/apimachinery",
               "k8s.io/apiserver",
               "k8s.io/cli-runtime",
               "k8s.io/client-go",
               "k8s.io/cloud-provider",
               "k8s.io/cluster-bootstrap",
               "k8s.io/code-generator",
               "k8s.io/component-base",
               "k8s.io/component-helpers",
               "k8s.io/controller-manager",
               "k8s.io/cri-api",
               "k8s.io/cri-client",
               "k8s.io/csi-translation-lib",
               "k8s.io/dynamic-resource-allocation",
               "k8s.io/endpointslice",
               "k8s.io/externaljwt",
               "k8s.io/kms",
               "k8s.io/kube-aggregator",
               "k8s.io/kube-controller-manager",
               "k8s.io/kube-proxy",
               "k8s.io/kube-scheduler",
               "k8s.io/kubectl",
               "k8s.io/kubelet",
               "k8s.io/metrics",
               "k8s.io/mount-utils",
               "k8s.io/pod-security-admission",
               "k8s.io/sample-apiserver",
               "k8s.io/sample-cli-plugin",
               "k8s.io/sample-controller"
             ],
             "allowedVersions": "/^v0\\./"
           },
           {
             "description": "Group Kubernetes dependencies",
             "matchPackageNames": ["k8s.io/**", "kubernetes/**", "**/kube-proxy"],
             "groupName": "Kubernetes dependencies",
             "groupSlug": "kubernetes-all",
             "commitMessageTopic": "Kubernetes",
             "commitMessage": "{{{commitMessagePrefix}}} {{{commitMessageAction}}} {{{commitMessageTopic}}}{{~#each upgrades}}{{~#if (equals depName \"k8s.io/kubernetes\")}} to {{{newVersion}}}{{/if}}{{/each~}} {{{commitMessageSuffix}}}",
             "ignoreUnstable": false,
             "respectLatest": false
           },
           {
             "description": "Group all Calico updates",
             "enabled": true,
             "matchPackageNames": [
               "docker.io/calico/*",
               "quay.io/k0sproject/calico-*"
             ],
             "groupName": "calico dependencies",
             "groupSlug": "calico-all"
           },
           {
             "description": "Group all etcd updates",
             "enabled": true,
             "matchPackageNames": ["go.etcd.io/etcd/**/v3", "etcd-io/etcd"],
             "groupName": "etcd dependencies",
             "groupSlug": "etcd-all"
           },
           {
             "description": "Group all containerd updates",
             "enabled": true,
             "matchDepNames": [
               "containerd/containerd",
               "github.com/containerd/containerd"
             ],
             "groupName": "containerd dependencies",
             "groupSlug": "containerd"
           },
           {
             "description": "Group all konnectivity updates",
             "enabled": true,
             "matchDepNames": [
               "**/apiserver-network-proxy*",
               "sigs.k8s.io/apiserver-network-proxy/*"
             ],
             "groupName": "konnectivity dependencies",
             "groupSlug": "konnectivity"
           },
           {
             "description": "Group all Helm updates",
             "enabled": true,
             "matchDepNames": ["helm.sh/helm/**", "helm/helm"],
             "groupName": "Helm dependencies",
             "groupSlug": "helm"
           },
           {
             "description": "Group all sonobuoy updates",
             "enabled": true,
             "matchDepNames": ["**/sonobuoy"],
             "groupName": "sonobuoy dependencies",
             "groupSlug": "sonobuoy"
           },
           {
             "description": "Run codegen if required",
             "matchDepNames": ["kubernetes-sigs/controller-tools"],
             "postUpgradeTasks": {
               "executionMode": "branch",
               "commands": [
                 "install-tool golang $(./vars.sh go_version)",
                 "make DOCKER='' EMBEDDED_BINS_BUILDMODE=none codegen"
               ]
             }
           },
           {
             "description": "Only update the main branch by default",
             "enabled": false,
             "prTitleStrict": false,
             "matchBaseBranches": ["!main"]
           },
           {
             "description": "Bump Calico for release-1.34",
             "enabled": true,
             "matchBaseBranches": ["release-1.34"],
             "matchDepNames": ["docker.io/calico/*", "quay.io/k0sproject/calico-*"],
             "allowedVersions": "<=3.29"
           },
           {
             "description": "Bump Go for release-1.34",
             "enabled": true,
             "matchBaseBranches": ["release-1.34"],
             "matchDepNames": ["go"],
             "allowedVersions": "<=1.24"
           },
           {
             "description": "Bump Envoy for release-1.33",
             "enabled": true,
             "matchBaseBranches": ["release-1.33"],
             "matchDepNames": ["quay.io/k0sproject/envoy-distroless"],
             "allowedVersions": "<=1.32"
           },
           {
             "description": "Bump Go for release-1.32",
             "enabled": true,
             "matchBaseBranches": ["release-1.32"],
             "matchDepNames": ["go"],
             "allowedVersions": "<=1.23"
           },
           {
             "description": "Bump Envoy for release-1.32",
             "enabled": true,
             "matchBaseBranches": ["release-1.32"],
             "matchDepNames": ["quay.io/k0sproject/envoy-distroless"],
             "allowedVersions": "<=1.31"
           }
         ],
         "customManagers": [
           {
             "customType": "regex",
             "description": "Update minimum Go version",
             "managerFilePatterns": ["**/go.mod"],
             "matchStrings": ["\\bgo (?<currentValue>\\d+\\.\\d+)\\.\\d+\\b"],
             "depNameTemplate": "go",
             "datasourceTemplate": "golang-version",
             "extractVersionTemplate": "^(?<version>\\d+\\.\\d+)",
             "autoReplaceStringTemplate": "go {{{newValue}}}.0",
             "versioningTemplate": "loose"
           },
           {
             "customType": "regex",
             "description": "Update container image tags in non-Dockerfiles",
             "managerFilePatterns": [
               "**/*.go",
               "**/*.md",
               "**/*.mk",
               "**/*.patch",
               "**/*.py",
               "**/*.sh",
               "**/*.tf",
               "**/*.tftpl",
               "**/*.txt",
               "**/*.yaml",
               "**/*.yml",
               "**/Makefile*"
             ],
             "matchStrings": [
               "\\b(?<depName>(docker|quay)\\.io/[a-z0-9][a-z0-9._-]*/[a-z0-9][a-z0-9._-]*)(:|.*\\n.*= \")v?(?<currentValue>[a-z0-9_][\\w.-]{0,127})"
             ],
             "datasourceTemplate": "docker",
             "extractVersionTemplate": "^v?(?<version>[\\w][\\w.-]{0,127})"
           },
           {
             "customType": "regex",
             "description": "Update GitHub source code links",
             "managerFilePatterns": ["**/*"],
             "matchStrings": [
               "\\bgithub.com/(?<depName>[a-z0-9][a-z0-9._-]+/[a-z0-9][a-z0-9._-]+)/blob/v(?<currentValue>[a-z0-9][a-z0-9._-]+)/",
               "\\bgithub.com/golang/(?<depName>go)/blob/go(?<currentValue>[^/]+)/"
             ],
             "datasourceTemplate": "{{#if (equals depName \"go\")}}golang-version{{else}}github-releases{{/if}}",
             "versioningTemplate": "semver",
             "matchDepNames": [
               "!/actions\\/cache/",
               "!/cilium\\/ebpf/",
               "!/euank\\/go-kmsg-parser/",
               "!/kubernetes\\/system-validators/",
               "!/projectcalico\\/calico/",
               "!/torvalds\\/linux/"
             ]
           },
           {
             "customType": "regex",
             "description": "Generic version updates based on comments",
             "managerFilePatterns": [
               "**/Makefile*",
               "**/Dockerfile*",
               "**/*.yaml",
               "**/*.yml"
             ],
             "matchStrings": [
               "# renovate: datasource=(?<datasource>\\S+)( registryUrl=(?<registryUrl>.+))? depName=(?<depName>\\S+)( versioning=(?<versioning>.+))?\\n[^:=\\n]+[:=][ \\t]*[\"']?(?<currentValue>\\S+?)[\"']?[ \\t]*(:?#|\\n)",
               "[=:][ \\t]*[\"']?(?<currentValue>\\S+?)[\"']?[ \\t]*# renovate: datasource=(?<datasource>\\S+)( registryUrl=(?<registryUrl>.+))? depName=(?<depName>\\S+)( versioning=(?<versioning>.+))?\\n"
             ],
             "datasourceTemplate": "{{{datasource}}}",
             "versioningTemplate": "{{#if versioning}}{{{versioning}}}{{else}}semver{{/if}}",
             "extractVersionTemplate": "^v?(?<version>.+)"
           }
         ]
       }
[34mDEBUG[39m: migrateAndValidate()[90m (repository=twz123/k0s-testo)[39m
[34mDEBUG[39m: No config migration necessary[90m (repository=twz123/k0s-testo)[39m
[34mDEBUG[39m: Post-massage config[90m (repository=twz123/k0s-testo)[39m
       "config": {
         "$schema": "https://docs.renovatebot.com/renovate-schema.json",
         "extends": [
           "config:recommended",
           ":configMigration",
           ":gitSignOff",
           ":automergeMinor",
           ":semanticCommitsDisabled"
         ],
         "gitAuthor": "Renovate Bot <renovate@whitesourcesoftware.com>",
         "labels": ["dependencies"],
         "baseBranchPatterns": ["main", "/^release-1\\.3[1-4]$/"],
         "prTitleStrict": true,
         "commitMessageAction": "Bump",
         "enabledManagers": ["gomod", "custom.regex"],
         "postUpdateOptions": ["gomodTidy"],
         "packageRules": [
           {
             "description": ["Ignore all Go dependencies by default"],
             "enabled": false,
             "matchManagers": ["gomod"]
           },
           {
             "description": ["Kubernetes"],
             "enabled": true,
             "matchPackageNames": ["k8s.io/kubernetes"]
           },
           {
             "description": ["Kubernetes Go libraries"],
             "enabled": true,
             "matchPackageNames": [
               "k8s.io/api",
               "k8s.io/apiextensions-apiserver",
               "k8s.io/apimachinery",
               "k8s.io/apiserver",
               "k8s.io/cli-runtime",
               "k8s.io/client-go",
               "k8s.io/cloud-provider",
               "k8s.io/cluster-bootstrap",
               "k8s.io/code-generator",
               "k8s.io/component-base",
               "k8s.io/component-helpers",
               "k8s.io/controller-manager",
               "k8s.io/cri-api",
               "k8s.io/cri-client",
               "k8s.io/csi-translation-lib",
               "k8s.io/dynamic-resource-allocation",
               "k8s.io/endpointslice",
               "k8s.io/externaljwt",
               "k8s.io/kms",
               "k8s.io/kube-aggregator",
               "k8s.io/kube-controller-manager",
               "k8s.io/kube-proxy",
               "k8s.io/kube-scheduler",
               "k8s.io/kubectl",
               "k8s.io/kubelet",
               "k8s.io/metrics",
               "k8s.io/mount-utils",
               "k8s.io/pod-security-admission",
               "k8s.io/sample-apiserver",
               "k8s.io/sample-cli-plugin",
               "k8s.io/sample-controller"
             ],
             "allowedVersions": "/^v0\\./"
           },
           {
             "description": ["Group Kubernetes dependencies"],
             "matchPackageNames": ["k8s.io/**", "kubernetes/**", "**/kube-proxy"],
             "groupName": "Kubernetes dependencies",
             "groupSlug": "kubernetes-all",
             "commitMessageTopic": "Kubernetes",
             "commitMessage": "{{{commitMessagePrefix}}} {{{commitMessageAction}}} {{{commitMessageTopic}}}{{~#each upgrades}}{{~#if (equals depName \"k8s.io/kubernetes\")}} to {{{newVersion}}}{{/if}}{{/each~}} {{{commitMessageSuffix}}}",
             "ignoreUnstable": false,
             "respectLatest": false
           },
           {
             "description": ["Group all Calico updates"],
             "enabled": true,
             "matchPackageNames": [
               "docker.io/calico/*",
               "quay.io/k0sproject/calico-*"
             ],
             "groupName": "calico dependencies",
             "groupSlug": "calico-all"
           },
           {
             "description": ["Group all etcd updates"],
             "enabled": true,
             "matchPackageNames": ["go.etcd.io/etcd/**/v3", "etcd-io/etcd"],
             "groupName": "etcd dependencies",
             "groupSlug": "etcd-all"
           },
           {
             "description": ["Group all containerd updates"],
             "enabled": true,
             "matchDepNames": [
               "containerd/containerd",
               "github.com/containerd/containerd"
             ],
             "groupName": "containerd dependencies",
             "groupSlug": "containerd"
           },
           {
             "description": ["Group all konnectivity updates"],
             "enabled": true,
             "matchDepNames": [
               "**/apiserver-network-proxy*",
               "sigs.k8s.io/apiserver-network-proxy/*"
             ],
             "groupName": "konnectivity dependencies",
             "groupSlug": "konnectivity"
           },
           {
             "description": ["Group all Helm updates"],
             "enabled": true,
             "matchDepNames": ["helm.sh/helm/**", "helm/helm"],
             "groupName": "Helm dependencies",
             "groupSlug": "helm"
           },
           {
             "description": ["Group all sonobuoy updates"],
             "enabled": true,
             "matchDepNames": ["**/sonobuoy"],
             "groupName": "sonobuoy dependencies",
             "groupSlug": "sonobuoy"
           },
           {
             "description": ["Run codegen if required"],
             "matchDepNames": ["kubernetes-sigs/controller-tools"],
             "postUpgradeTasks": {
               "executionMode": "branch",
               "commands": [
                 "install-tool golang $(./vars.sh go_version)",
                 "make DOCKER='' EMBEDDED_BINS_BUILDMODE=none codegen"
               ]
             }
           },
           {
             "description": ["Only update the main branch by default"],
             "enabled": false,
             "prTitleStrict": false,
             "matchBaseBranches": ["!main"]
           },
           {
             "description": ["Bump Calico for release-1.34"],
             "enabled": true,
             "matchBaseBranches": ["release-1.34"],
             "matchDepNames": ["docker.io/calico/*", "quay.io/k0sproject/calico-*"],
             "allowedVersions": "<=3.29"
           },
           {
             "description": ["Bump Go for release-1.34"],
             "enabled": true,
             "matchBaseBranches": ["release-1.34"],
             "matchDepNames": ["go"],
             "allowedVersions": "<=1.24"
           },
           {
             "description": ["Bump Envoy for release-1.33"],
             "enabled": true,
             "matchBaseBranches": ["release-1.33"],
             "matchDepNames": ["quay.io/k0sproject/envoy-distroless"],
             "allowedVersions": "<=1.32"
           },
           {
             "description": ["Bump Go for release-1.32"],
             "enabled": true,
             "matchBaseBranches": ["release-1.32"],
             "matchDepNames": ["go"],
             "allowedVersions": "<=1.23"
           },
           {
             "description": ["Bump Envoy for release-1.32"],
             "enabled": true,
             "matchBaseBranches": ["release-1.32"],
             "matchDepNames": ["quay.io/k0sproject/envoy-distroless"],
             "allowedVersions": "<=1.31"
           }
         ],
         "customManagers": [
           {
             "customType": "regex",
             "description": ["Update minimum Go version"],
             "managerFilePatterns": ["**/go.mod"],
             "matchStrings": ["\\bgo (?<currentValue>\\d+\\.\\d+)\\.\\d+\\b"],
             "depNameTemplate": "go",
             "datasourceTemplate": "golang-version",
             "extractVersionTemplate": "^(?<version>\\d+\\.\\d+)",
             "autoReplaceStringTemplate": "go {{{newValue}}}.0",
             "versioningTemplate": "loose"
           },
           {
             "customType": "regex",
             "description": ["Update container image tags in non-Dockerfiles"],
             "managerFilePatterns": [
               "**/*.go",
               "**/*.md",
               "**/*.mk",
               "**/*.patch",
               "**/*.py",
               "**/*.sh",
               "**/*.tf",
               "**/*.tftpl",
               "**/*.txt",
               "**/*.yaml",
               "**/*.yml",
               "**/Makefile*"
             ],
             "matchStrings": [
               "\\b(?<depName>(docker|quay)\\.io/[a-z0-9][a-z0-9._-]*/[a-z0-9][a-z0-9._-]*)(:|.*\\n.*= \")v?(?<currentValue>[a-z0-9_][\\w.-]{0,127})"
             ],
             "datasourceTemplate": "docker",
             "extractVersionTemplate": "^v?(?<version>[\\w][\\w.-]{0,127})"
           },
           {
             "customType": "regex",
             "description": ["Update GitHub source code links"],
             "managerFilePatterns": ["**/*"],
             "matchStrings": [
               "\\bgithub.com/(?<depName>[a-z0-9][a-z0-9._-]+/[a-z0-9][a-z0-9._-]+)/blob/v(?<currentValue>[a-z0-9][a-z0-9._-]+)/",
               "\\bgithub.com/golang/(?<depName>go)/blob/go(?<currentValue>[^/]+)/"
             ],
             "datasourceTemplate": "{{#if (equals depName \"go\")}}golang-version{{else}}github-releases{{/if}}",
             "versioningTemplate": "semver",
             "matchDepNames": [
               "!/actions\\/cache/",
               "!/cilium\\/ebpf/",
               "!/euank\\/go-kmsg-parser/",
               "!/kubernetes\\/system-validators/",
               "!/projectcalico\\/calico/",
               "!/torvalds\\/linux/"
             ]
           },
           {
             "customType": "regex",
             "description": ["Generic version updates based on comments"],
             "managerFilePatterns": [
               "**/Makefile*",
               "**/Dockerfile*",
               "**/*.yaml",
               "**/*.yml"
             ],
             "matchStrings": [
               "# renovate: datasource=(?<datasource>\\S+)( registryUrl=(?<registryUrl>.+))? depName=(?<depName>\\S+)( versioning=(?<versioning>.+))?\\n[^:=\\n]+[:=][ \\t]*[\"']?(?<currentValue>\\S+?)[\"']?[ \\t]*(:?#|\\n)",
               "[=:][ \\t]*[\"']?(?<currentValue>\\S+?)[\"']?[ \\t]*# renovate: datasource=(?<datasource>\\S+)( registryUrl=(?<registryUrl>.+))? depName=(?<depName>\\S+)( versioning=(?<versioning>.+))?\\n"
             ],
             "datasourceTemplate": "{{{datasource}}}",
             "versioningTemplate": "{{#if versioning}}{{{versioning}}}{{else}}semver{{/if}}",
             "extractVersionTemplate": "^v?(?<version>.+)"
           }
         ]
       }
[35m WARN[39m: Found renovate config warnings[90m (repository=twz123/k0s-testo)[39m
       "warnings": [
         {
           "topic": "Deprecation Warning",
           "message": "Direct editing of commitMessage is now deprecated. Please edit commitMessage's subcomponents instead."
         },
         {
           "topic": "customManagers[2].matchDepNames",
           "message": "\"matchDepNames\" can't be used in \"customManagers\". Allowed objects: packageRules."
         }
       ]
[32m INFO[39m: Found renovate config errors[90m (repository=twz123/k0s-testo)[39m
       "errors": [
         {
           "topic": "Configuration Error",
           "message": "Custom Manager contains disallowed fields: matchDepNames"
         },
         {
           "topic": "Configuration Error",
           "message": "customManagers[2].matchDepNames: matchDepNames should be inside a `packageRule` only"
         }
       ]
[35m WARN[39m: Repository has invalid config[90m (repository=twz123/k0s-testo)[39m
       "error": {
         "validationSource": "renovate.json",
         "validationError": "The renovate configuration file contains some invalid settings",
         "validationMessage": "Custom Manager contains disallowed fields: matchDepNames, customManagers[2].matchDepNames: matchDepNames should be inside a `packageRule` only",
         "message": "config-validation",
         "stack": "Error: config-validation\n    at mergeRenovateConfig (/usr/local/renovate/lib/workers/repository/init/merge.ts:216:19)\n    at getRepoConfig (/usr/local/renovate/lib/workers/repository/init/config.ts:14:12)\n    at initRepo (/usr/local/renovate/lib/workers/repository/init/index.ts:58:12)\n    at /usr/local/renovate/lib/workers/repository/index.ts:80:18\n    at Object.renovateRepository (/usr/local/renovate/lib/workers/repository/index.ts:54:42)\n    at attributes.repository (/usr/local/renovate/lib/workers/global/index.ts:184:11)\n    at start (/usr/local/renovate/lib/workers/global/index.ts:169:7)\n    at /usr/local/renovate/lib/renovate.ts:19:22"
       }
[34mDEBUG[39m: raiseConfigWarningIssue()[90m (repository=twz123/k0s-testo)[39m
[34mDEBUG[39m: getBranchPr(renovate/configure)[90m (repository=twz123/k0s-testo)[39m
[34mDEBUG[39m: findPr(renovate/configure, undefined, open)[90m (repository=twz123/k0s-testo)[39m
[34mDEBUG[39m: ensureIssue(Action Required: Fix Renovate Configuration)[90m (repository=twz123/k0s-testo)[39m
[34mDEBUG[39m: http cache: saving https://api.github.com/repos/twz123/k0s-testo/issues/10 (etag=W/"70df6896d641a8369192d672de51fe2ea4b40bd3940b6cce4e7fa9697a95ecd4", lastModified=Thu, 23 Oct 2025 13:53:34 GMT)[90m (repository=twz123/k0s-testo)[39m
[34mDEBUG[39m: Issues cache: Updating issue 10 in cache[90m (repository=twz123/k0s-testo)[39m
[32m INFO[39m: Issue created[90m (repository=twz123/k0s-testo)[39m
[34mDEBUG[39m: Issues cache: Updating issue 237 in cache[90m (repository=twz123/k0s-testo)[39m
[35m WARN[39m: Configuration Warning[90m (repository=twz123/k0s-testo)[39m
       "configError": {
         "validationSource": "renovate.json",
         "validationError": "The renovate configuration file contains some invalid settings",
         "validationMessage": "Custom Manager contains disallowed fields: matchDepNames, customManagers[2].matchDepNames: matchDepNames should be inside a `packageRule` only",
         "message": "config-validation",
         "stack": "Error: config-validation\n    at mergeRenovateConfig (/usr/local/renovate/lib/workers/repository/init/merge.ts:216:19)\n    at getRepoConfig (/usr/local/renovate/lib/workers/repository/init/config.ts:14:12)\n    at initRepo (/usr/local/renovate/lib/workers/repository/init/index.ts:58:12)\n    at /usr/local/renovate/lib/workers/repository/index.ts:80:18\n    at Object.renovateRepository (/usr/local/renovate/lib/workers/repository/index.ts:54:42)\n    at attributes.repository (/usr/local/renovate/lib/workers/global/index.ts:184:11)\n    at start (/usr/local/renovate/lib/workers/global/index.ts:169:7)\n    at /usr/local/renovate/lib/renovate.ts:19:22"
       },
       "res": "created"
[34mDEBUG[39m: Repository result: config-validation, status: onboarded, enabled: true, onboarded: true[90m (repository=twz123/k0s-testo)[39m
[35m WARN[39m: Repository has invalid config[90m (repository=twz123/k0s-testo)[39m
       "error": {
         "message": "config-validation",
         "stack": "Error: config-validation\n    at Object.renovateRepository (/usr/local/renovate/lib/workers/repository/index.ts:103:13)\n    at processTicksAndRejections (node:internal/process/task_queues:105:5)\n    at attributes.repository (/usr/local/renovate/lib/workers/global/index.ts:184:11)\n    at start (/usr/local/renovate/lib/workers/global/index.ts:169:7)\n    at /usr/local/renovate/lib/renovate.ts:19:22"
       }
[34mDEBUG[39m: raiseConfigWarningIssue()[90m (repository=twz123/k0s-testo)[39m
[34mDEBUG[39m: getBranchPr(renovate/configure)[90m (repository=twz123/k0s-testo)[39m
[34mDEBUG[39m: findPr(renovate/configure, undefined, open)[90m (repository=twz123/k0s-testo)[39m
[34mDEBUG[39m: ensureIssue(Action Required: Fix Renovate Configuration)[90m (repository=twz123/k0s-testo)[39m
[34mDEBUG[39m: http cache: saving https://api.github.com/repos/twz123/k0s-testo/issues/237 (etag=W/"d945c747ad63fa3c3e4b088afe119766744f0e69ea799a94229e28c84e00d993", lastModified=Tue, 11 Nov 2025 13:49:20 GMT)[90m (repository=twz123/k0s-testo)[39m
[34mDEBUG[39m: Issues cache: Updating issue 237 in cache[90m (repository=twz123/k0s-testo)[39m
[34mDEBUG[39m: Patching issue[90m (repository=twz123/k0s-testo)[39m
[34mDEBUG[39m: Issues cache: Updating issue 237 in cache[90m (repository=twz123/k0s-testo)[39m
[34mDEBUG[39m: Issue updated[90m (repository=twz123/k0s-testo)[39m
[35m WARN[39m: Configuration Warning[90m (repository=twz123/k0s-testo)[39m
       "configError": {
         "message": "config-validation",
         "stack": "Error: config-validation\n    at Object.renovateRepository (/usr/local/renovate/lib/workers/repository/index.ts:103:13)\n    at processTicksAndRejections (node:internal/process/task_queues:105:5)\n    at attributes.repository (/usr/local/renovate/lib/workers/global/index.ts:184:11)\n    at start (/usr/local/renovate/lib/workers/global/index.ts:169:7)\n    at /usr/local/renovate/lib/renovate.ts:19:22"
       },
       "res": "updated"
[34mDEBUG[39m: Repository result: config-validation, status: onboarded, enabled: true, onboarded: true[90m (repository=twz123/k0s-testo)[39m
[34mDEBUG[39m: Repository timing splits (milliseconds)[90m (repository=twz123/k0s-testo)[39m
       "splits": {},
       "total": 7858
[34mDEBUG[39m: Package cache statistics[90m (repository=twz123/k0s-testo)[39m
       "get": {"count": 0, "avgMs": 0, "medianMs": 0, "maxMs": 0, "totalMs": 0},
       "set": {"count": 0, "avgMs": 0, "medianMs": 0, "maxMs": 0, "totalMs": 0}
[34mDEBUG[39m: HTTP statistics[90m (repository=twz123/k0s-testo)[39m
       "hosts": {
         "api.github.com": {
           "count": 9,
           "reqAvgMs": 631,
           "reqMedianMs": 436,
           "reqMaxMs": 1322,
           "queueAvgMs": 0,
           "queueMedianMs": 0,
           "queueMaxMs": 0
         }
       },
       "requests": 9
[34mDEBUG[39m: HTTP cache statistics[90m (repository=twz123/k0s-testo)[39m
       "https://api.github.com": {
         "/repos/twz123/k0s-testo/issues/10": {"hit": 0, "miss": 1},
         "/repos/twz123/k0s-testo/issues/237": {"hit": 0, "miss": 1},
         "/repos/twz123/k0s-testo/pulls": {"hit": 0, "miss": 1}
       }
[34mDEBUG[39m: Lookup statistics[90m (repository=twz123/k0s-testo)[39m
[34mDEBUG[39m: Cache fallback URLs[90m (repository=twz123/k0s-testo)[39m
       "count": 0,
       "hits": {}
[32m INFO[39m: Repository finished[90m (repository=twz123/k0s-testo)[39m
       "cloned": true,
       "durationMs": 7858,
       "result": "config-validation",
       "status": "onboarded",
       "enabled": true,
       "onboarded": true
[34mDEBUG[39m: Checking file package cache for expired items
[34mDEBUG[39m: Deleted 0 of 0 file cached entries in 1ms
